<?xml version="1.0" encoding="UTF-8"?>
<testsuite name="com.bridgelabz.servicetest.TestStateCensusAnalyser" tests="1" skipped="0" failures="0" errors="0" timestamp="2020-03-26T12:14:13" hostname="vaibhav-Satellite-L655" time="0.003">
  <properties/>
  <testcase name="givenIndianStateCensusData_WhenReturnsNull_ShouldThrowException" classname="com.bridgelabz.servicetest.TestStateCensusAnalyser" time="0.003"/>
  <system-out><![CDATA[]]></system-out>
  <system-err><![CDATA[]]></system-err>
</testsuite>
